2021-11-26 19:13:41,066:INFO:PyCaret Supervised Module
2021-11-26 19:13:41,066:INFO:ML Usecase: classification
2021-11-26 19:13:41,066:INFO:version 2.3.4
2021-11-26 19:13:41,066:INFO:Initializing setup()
2021-11-26 19:13:41,066:INFO:setup(target=stabf, ml_usecase=classification, available_plots={'parameter': 'Hyperparameters', 'auc': 'AUC', 'confusion_matrix': 'Confusion Matrix', 'threshold': 'Threshold', 'pr': 'Precision Recall', 'error': 'Prediction Error', 'class_report': 'Class Report', 'rfe': 'Feature Selection', 'learning': 'Learning Curve', 'manifold': 'Manifold Learning', 'calibration': 'Calibration Curve', 'vc': 'Validation Curve', 'dimension': 'Dimensions', 'feature': 'Feature Importance', 'feature_all': 'Feature Importance (All)', 'boundary': 'Decision Boundary', 'lift': 'Lift Chart', 'gain': 'Gain Chart', 'tree': 'Decision Tree', 'ks': 'KS Statistic Plot'}, train_size=0.8, test_data=None, preprocess=True, imputation_type=simple, iterative_imputation_iters=5, categorical_features=None, categorical_imputation=constant, categorical_iterative_imputer=lightgbm, ordinal_features=None, high_cardinality_features=None, high_cardinality_method=frequency, numeric_features=None, numeric_imputation=mean, numeric_iterative_imputer=lightgbm, date_features=None, ignore_features=None, normalize=False, normalize_method=zscore, transformation=False, transformation_method=yeo-johnson, handle_unknown_categorical=True, unknown_categorical_method=least_frequent, pca=False, pca_method=linear, pca_components=None, ignore_low_variance=False, combine_rare_levels=False, rare_level_threshold=0.1, bin_numeric_features=None, remove_outliers=False, outliers_threshold=0.05, remove_multicollinearity=False, multicollinearity_threshold=0.9, remove_perfect_collinearity=True, create_clusters=False, cluster_iter=20, polynomial_features=False, polynomial_degree=2, trigonometry_features=False, polynomial_threshold=0.1, group_features=None, group_names=None, feature_selection=False, feature_selection_threshold=0.8, feature_selection_method=classic, feature_interaction=False, feature_ratio=False, interaction_threshold=0.01, fix_imbalance=False, fix_imbalance_method=None, transform_target=False, transform_target_method=box-cox, data_split_shuffle=True, data_split_stratify=False, fold_strategy=stratifiedkfold, fold=5, fold_shuffle=False, fold_groups=None, n_jobs=-1, use_gpu=False, custom_pipeline=None, html=True, session_id=123, log_experiment=True, experiment_name=electrical_grid_1, log_plots=False, log_profile=False, log_data=False, silent=True, verbose=True, profile=False, profile_kwargs=None, display=None)
2021-11-26 19:13:41,067:INFO:Checking environment
2021-11-26 19:13:41,067:INFO:python_version: 3.7.10
2021-11-26 19:13:41,067:INFO:python_build: ('default', 'Feb 26 2021 13:06:18')
2021-11-26 19:13:41,067:INFO:machine: AMD64
2021-11-26 19:13:41,067:INFO:platform: Windows-10-10.0.22000-SP0
2021-11-26 19:13:41,067:INFO:Memory: svmem(total=16951963648, available=7797755904, percent=54.0, used=9154207744, free=7797755904)
2021-11-26 19:13:41,067:INFO:Physical Core: 4
2021-11-26 19:13:41,067:INFO:Logical Core: 8
2021-11-26 19:13:41,067:INFO:Checking libraries
2021-11-26 19:13:41,067:INFO:pd==1.2.3
2021-11-26 19:13:41,068:INFO:numpy==1.19.5
2021-11-26 19:13:41,068:INFO:sklearn==0.23.2
2021-11-26 19:13:41,068:INFO:lightgbm==3.2.1
2021-11-26 19:13:41,069:WARNING:catboost not found
2021-11-26 19:13:41,353:INFO:xgboost==1.4.0
2021-11-26 19:13:41,847:INFO:mlflow==1.21.0
2021-11-26 19:13:41,848:INFO:Checking Exceptions
2021-11-26 19:13:41,848:INFO:Declaring global variables
2021-11-26 19:13:41,848:INFO:USI: ea1e
2021-11-26 19:13:41,848:INFO:pycaret_globals: {'fold_groups_param', '_all_models', 'html_param', 'n_jobs_param', '_gpu_n_jobs_param', 'imputation_classifier', '_all_models_internal', 'data_before_preprocess', 'target_param', 'iterative_imputation_iters_param', 'pycaret_globals', 'fold_shuffle_param', 'fix_imbalance_method_param', 'X_test', 'transform_target_method_param', '_internal_pipeline', 'fold_generator', '_ml_usecase', 'fold_groups_param_full', '_available_plots', 'fold_param', 'display_container', 'prep_pipe', 'logging_param', 'create_model_container', 'gpu_param', 'transform_target_param', 'log_plots_param', '_all_metrics', 'X_train', 'exp_name_log', 'imputation_regressor', 'stratify_param', 'y_test', 'master_model_container', 'y', 'USI', 'y_train', 'fix_imbalance_param', 'seed', 'X', 'experiment__'}
2021-11-26 19:13:41,848:INFO:Preparing display monitor
2021-11-26 19:13:41,848:INFO:Preparing display monitor
2021-11-26 19:13:41,867:INFO:Importing libraries
2021-11-26 19:13:41,867:INFO:Copying data for preprocessing
2021-11-26 19:13:41,879:INFO:Declaring preprocessing parameters
2021-11-26 19:13:41,886:INFO:Creating preprocessing pipeline
2021-11-26 19:13:41,915:INFO:Preprocessing pipeline created successfully
2021-11-26 19:13:41,916:ERROR:(Process Exit): setup has been interupted with user command 'quit'. setup must rerun.
2021-11-26 19:13:41,916:INFO:Creating global containers
2021-11-26 19:13:41,917:INFO:Internal pipeline: Pipeline(memory=None, steps=[('empty_step', 'passthrough')], verbose=False)
2021-11-26 19:13:42,231:WARNING:Couldn't import catboost.CatBoostClassifier
2021-11-26 19:13:42,318:WARNING:Couldn't import catboost.CatBoostClassifier
2021-11-26 19:13:42,318:INFO:Creating grid variables
2021-11-26 19:13:42,340:INFO:Logging experiment in MLFlow
2021-11-26 19:13:42,636:INFO:SubProcess save_model() called ==================================
2021-11-26 19:13:42,648:INFO:Initializing save_model()
2021-11-26 19:13:42,648:INFO:save_model(model=Pipeline(memory=None,
         steps=[('dtypes',
                 DataTypes_Auto_infer(categorical_features=[],
                                      display_types=False, features_todrop=[],
                                      id_columns=[],
                                      ml_usecase='classification',
                                      numerical_features=[], target='stabf',
                                      time_features=[])),
                ('imputer',
                 Simple_Imputer(categorical_strategy='not_available',
                                fill_value_categorical=None,
                                fill_value_numerical=None,
                                numeric_strat...
                ('scaling', 'passthrough'), ('P_transform', 'passthrough'),
                ('binn', 'passthrough'), ('rem_outliers', 'passthrough'),
                ('cluster_all', 'passthrough'),
                ('dummy', Dummify(target='stabf')),
                ('fix_perfect', Remove_100(target='stabf')),
                ('clean_names', Clean_Colum_Names()),
                ('feature_select', 'passthrough'), ('fix_multi', 'passthrough'),
                ('dfs', 'passthrough'), ('pca', 'passthrough')],
         verbose=False), model_name=Transformation Pipeline, prep_pipe_=Pipeline(memory=None,
         steps=[('dtypes',
                 DataTypes_Auto_infer(categorical_features=[],
                                      display_types=False, features_todrop=[],
                                      id_columns=[],
                                      ml_usecase='classification',
                                      numerical_features=[], target='stabf',
                                      time_features=[])),
                ('imputer',
                 Simple_Imputer(categorical_strategy='not_available',
                                fill_value_categorical=None,
                                fill_value_numerical=None,
                                numeric_strat...
                ('scaling', 'passthrough'), ('P_transform', 'passthrough'),
                ('binn', 'passthrough'), ('rem_outliers', 'passthrough'),
                ('cluster_all', 'passthrough'),
                ('dummy', Dummify(target='stabf')),
                ('fix_perfect', Remove_100(target='stabf')),
                ('clean_names', Clean_Colum_Names()),
                ('feature_select', 'passthrough'), ('fix_multi', 'passthrough'),
                ('dfs', 'passthrough'), ('pca', 'passthrough')],
         verbose=False), verbose=False, kwargs={})
2021-11-26 19:13:42,648:INFO:Adding model into prep_pipe
2021-11-26 19:13:42,649:WARNING:Only Model saved as it was a pipeline.
2021-11-26 19:13:42,655:INFO:Transformation Pipeline.pkl saved in current working directory
2021-11-26 19:13:42,662:INFO:Pipeline(memory=None,
         steps=[('dtypes',
                 DataTypes_Auto_infer(categorical_features=[],
                                      display_types=False, features_todrop=[],
                                      id_columns=[],
                                      ml_usecase='classification',
                                      numerical_features=[], target='stabf',
                                      time_features=[])),
                ('imputer',
                 Simple_Imputer(categorical_strategy='not_available',
                                fill_value_categorical=None,
                                fill_value_numerical=None,
                                numeric_strat...
                ('scaling', 'passthrough'), ('P_transform', 'passthrough'),
                ('binn', 'passthrough'), ('rem_outliers', 'passthrough'),
                ('cluster_all', 'passthrough'),
                ('dummy', Dummify(target='stabf')),
                ('fix_perfect', Remove_100(target='stabf')),
                ('clean_names', Clean_Colum_Names()),
                ('feature_select', 'passthrough'), ('fix_multi', 'passthrough'),
                ('dfs', 'passthrough'), ('pca', 'passthrough')],
         verbose=False)
2021-11-26 19:13:42,662:INFO:save_model() successfully completed......................................
2021-11-26 19:13:42,764:INFO:SubProcess save_model() end ==================================
2021-11-26 19:13:42,796:INFO:create_model_container: 0
2021-11-26 19:13:42,797:INFO:master_model_container: 0
2021-11-26 19:13:42,797:INFO:display_container: 1
2021-11-26 19:13:42,804:INFO:Pipeline(memory=None,
         steps=[('dtypes',
                 DataTypes_Auto_infer(categorical_features=[],
                                      display_types=False, features_todrop=[],
                                      id_columns=[],
                                      ml_usecase='classification',
                                      numerical_features=[], target='stabf',
                                      time_features=[])),
                ('imputer',
                 Simple_Imputer(categorical_strategy='not_available',
                                fill_value_categorical=None,
                                fill_value_numerical=None,
                                numeric_strat...
                ('scaling', 'passthrough'), ('P_transform', 'passthrough'),
                ('binn', 'passthrough'), ('rem_outliers', 'passthrough'),
                ('cluster_all', 'passthrough'),
                ('dummy', Dummify(target='stabf')),
                ('fix_perfect', Remove_100(target='stabf')),
                ('clean_names', Clean_Colum_Names()),
                ('feature_select', 'passthrough'), ('fix_multi', 'passthrough'),
                ('dfs', 'passthrough'), ('pca', 'passthrough')],
         verbose=False)
2021-11-26 19:13:42,805:INFO:setup() succesfully completed......................................
2021-11-26 19:14:10,149:INFO:Initializing create_model()
2021-11-26 19:14:10,151:INFO:create_model(estimator=rf, fold=None, round=4, cross_validation=True, predict=True, fit_kwargs=None, groups=None, refit=True, verbose=True, system=True, metrics=None, add_to_model_list=True, display=None, kwargs={})
2021-11-26 19:14:10,151:INFO:Checking exceptions
2021-11-26 19:14:10,152:INFO:Preparing display monitor
2021-11-26 19:14:10,185:INFO:Importing libraries
2021-11-26 19:14:10,185:INFO:Copying training dataset
2021-11-26 19:14:10,186:INFO:Defining folds
2021-11-26 19:14:10,187:INFO:Declaring metric variables
2021-11-26 19:14:10,195:INFO:Importing untrained model
2021-11-26 19:14:10,207:INFO:Random Forest Classifier Imported succesfully
2021-11-26 19:14:10,226:INFO:Starting cross validation
2021-11-26 19:14:10,226:INFO:Cross validating with StratifiedKFold(n_splits=5, random_state=None, shuffle=False), n_jobs=-1
2021-11-26 19:14:15,609:INFO:Calculating mean and std
2021-11-26 19:14:15,609:INFO:Creating metrics dataframe
2021-11-26 19:14:15,657:INFO:Finalizing model
2021-11-26 19:14:16,686:INFO:Creating MLFlow logs
2021-11-26 19:14:16,735:INFO:Model: Random Forest Classifier
2021-11-26 19:14:16,818:INFO:logged params: {'bootstrap': True, 'ccp_alpha': 0.0, 'class_weight': None, 'criterion': 'gini', 'max_depth': None, 'max_features': 'auto', 'max_leaf_nodes': None, 'max_samples': None, 'min_impurity_decrease': 0.0, 'min_impurity_split': None, 'min_samples_leaf': 1, 'min_samples_split': 2, 'min_weight_fraction_leaf': 0.0, 'n_estimators': 100, 'n_jobs': -1, 'oob_score': False, 'random_state': 123, 'verbose': 0, 'warm_start': False}
2021-11-26 19:14:16,917:INFO:Initializing predict_model()
2021-11-26 19:14:16,917:INFO:predict_model(estimator=RandomForestClassifier(bootstrap=True, ccp_alpha=0.0, class_weight=None,
                       criterion='gini', max_depth=None, max_features='auto',
                       max_leaf_nodes=None, max_samples=None,
                       min_impurity_decrease=0.0, min_impurity_split=None,
                       min_samples_leaf=1, min_samples_split=2,
                       min_weight_fraction_leaf=0.0, n_estimators=100,
                       n_jobs=-1, oob_score=False, random_state=123, verbose=0,
                       warm_start=False), probability_threshold=None, encoded_labels=False, raw_score=False, round=4, verbose=False, ml_usecase=None, display=None)
2021-11-26 19:14:16,917:INFO:Checking exceptions
2021-11-26 19:14:16,917:INFO:Preloading libraries
2021-11-26 19:14:17,457:INFO:Uploading results into container
2021-11-26 19:14:17,463:INFO:Uploading model into container now
2021-11-26 19:14:17,484:INFO:create_model_container: 1
2021-11-26 19:14:17,485:INFO:master_model_container: 1
2021-11-26 19:14:17,485:INFO:display_container: 2
2021-11-26 19:14:17,486:INFO:RandomForestClassifier(bootstrap=True, ccp_alpha=0.0, class_weight=None,
                       criterion='gini', max_depth=None, max_features='auto',
                       max_leaf_nodes=None, max_samples=None,
                       min_impurity_decrease=0.0, min_impurity_split=None,
                       min_samples_leaf=1, min_samples_split=2,
                       min_weight_fraction_leaf=0.0, n_estimators=100,
                       n_jobs=-1, oob_score=False, random_state=123, verbose=0,
                       warm_start=False)
2021-11-26 19:14:17,486:INFO:create_model() succesfully completed......................................
2021-11-26 19:14:57,882:INFO:Initializing create_model()
2021-11-26 19:14:57,882:INFO:create_model(estimator=Pipeline(memory=None,
         steps=[('transform',
                 DataFrameTransformer(float_dtype=<class 'numpy.float32'>,
                                      int_dtype=<class 'numpy.int64'>,
                                      treat_int_as_categorical=False)),
                ('net',
                 <class 'skorch.classifier.NeuralNetClassifier'>[uninitialized](
  module=<class '__main__.Net'>,
))],
         verbose=False), fold=None, round=4, cross_validation=True, predict=True, fit_kwargs=None, groups=None, refit=True, verbose=True, system=True, metrics=None, add_to_model_list=True, display=None, kwargs={})
2021-11-26 19:14:57,883:INFO:Checking exceptions
2021-11-26 19:14:57,883:INFO:Preparing display monitor
2021-11-26 19:14:57,908:INFO:Importing libraries
2021-11-26 19:14:57,908:INFO:Copying training dataset
2021-11-26 19:14:57,909:INFO:Defining folds
2021-11-26 19:14:57,909:INFO:Declaring metric variables
2021-11-26 19:14:57,919:INFO:Importing untrained model
2021-11-26 19:14:57,919:INFO:Declaring custom model
2021-11-26 19:14:57,930:INFO:NeuralNetClassifier Imported succesfully
2021-11-26 19:14:57,948:INFO:Starting cross validation
2021-11-26 19:14:57,949:INFO:Cross validating with StratifiedKFold(n_splits=5, random_state=None, shuffle=False), n_jobs=-1
2021-11-26 19:15:02,125:INFO:Calculating mean and std
2021-11-26 19:15:02,127:INFO:Creating metrics dataframe
2021-11-26 19:15:02,154:INFO:Finalizing model
2021-11-26 19:15:48,580:INFO:Initializing create_model()
2021-11-26 19:15:48,581:INFO:create_model(estimator=Pipeline(memory=None,
         steps=[('transform',
                 DataFrameTransformer(float_dtype=<class 'numpy.float32'>,
                                      int_dtype=<class 'numpy.int64'>,
                                      treat_int_as_categorical=False)),
                ('net',
                 <class 'skorch.classifier.NeuralNetClassifier'>[uninitialized](
  module=<class '__main__.Net'>,
))],
         verbose=False), fold=None, round=4, cross_validation=True, predict=True, fit_kwargs=None, groups=None, refit=True, verbose=True, system=True, metrics=None, add_to_model_list=True, display=None, kwargs={})
2021-11-26 19:15:48,581:INFO:Checking exceptions
2021-11-26 19:15:48,582:INFO:Preparing display monitor
2021-11-26 19:15:48,609:INFO:Importing libraries
2021-11-26 19:15:48,609:INFO:Copying training dataset
2021-11-26 19:15:48,610:INFO:Defining folds
2021-11-26 19:15:48,611:INFO:Declaring metric variables
2021-11-26 19:15:48,621:INFO:Importing untrained model
2021-11-26 19:15:48,621:INFO:Declaring custom model
2021-11-26 19:15:48,632:INFO:NeuralNetClassifier Imported succesfully
2021-11-26 19:15:48,651:INFO:Starting cross validation
2021-11-26 19:15:48,652:INFO:Cross validating with StratifiedKFold(n_splits=5, random_state=None, shuffle=False), n_jobs=-1
2021-11-26 19:15:50,754:INFO:Calculating mean and std
2021-11-26 19:15:50,755:INFO:Creating metrics dataframe
2021-11-26 19:15:50,771:INFO:Finalizing model
